<?xml version="1.0" encoding="UTF-8"?>
<!-- Generated by org.testng.reporters.JUnitReportReporter -->
<testsuite hostname="DESKTOP-S2A2NB5" failures="0" tests="1" name="orangehrm.tests.LeaveManagementTest" time="13.339" errors="0" timestamp="2024-03-05T18:36:07 IST" skipped="0">
  <testcase classname="orangehrm.tests.LeaveManagementTest" name="testAddNewEmployee" time="13.339"/>
</testsuite> <!-- orangehrm.tests.LeaveManagementTest -->
